This file contains any messages produced by compilers while
running configure, to aid debugging if configure makes a mistake.

It was created by libftdi configure 0.20, which was
generated by GNU Autoconf 2.69.  Invocation command line was

  $ ./configure --host=arm-linux-androideabi --prefix=/home/james/avrdude_android/android-builds --disable-shared

## --------- ##
## Platform. ##
## --------- ##

hostname = james-pc
uname -m = x86_64
uname -r = 4.4.27-2-MANJARO
uname -s = Linux
uname -v = #1 SMP PREEMPT Wed Oct 26 22:08:37 UTC 2016

/usr/bin/uname -p = unknown
/bin/uname -X     = unknown

/bin/arch              = unknown
/usr/bin/arch -k       = unknown
/usr/convex/getsysinfo = unknown
/usr/bin/hostinfo      = unknown
/bin/machine           = unknown
/usr/bin/oslevel       = unknown
/bin/universe          = unknown

PATH: /usr/local/sbin
PATH: /usr/local/bin
PATH: /usr/bin
PATH: /usr/lib/jvm/default/bin
PATH: /usr/bin/site_perl
PATH: /usr/bin/vendor_perl
PATH: /usr/bin/core_perl


## ----------- ##
## Core tests. ##
## ----------- ##

configure:2417: checking for a BSD-compatible install
configure:2485: result: /usr/bin/install -c
configure:2496: checking whether build environment is sane
configure:2546: result: yes
configure:2595: checking for arm-linux-androideabi-strip
configure:2625: result: no
configure:2635: checking for strip
configure:2651: found /usr/bin/strip
configure:2662: result: strip
configure:2687: checking for a thread-safe mkdir -p
configure:2726: result: /usr/bin/mkdir -p
configure:2739: checking for gawk
configure:2755: found /usr/bin/gawk
configure:2766: result: gawk
configure:2777: checking whether make sets $(MAKE)
configure:2799: result: yes
configure:2896: checking for arm-linux-androideabi-gcc
configure:2923: result: /home/james/avrdude_android/android-ndk-r13/toolchains/arm-linux-androideabi-4.9/prebuilt/linux-x86_64/bin/arm-linux-androideabi-gcc --sysroot=/home/james/avrdude_android/android-ndk-r13/platforms/android-21/arch-arm
configure:3192: checking for C compiler version
configure:3201: /home/james/avrdude_android/android-ndk-r13/toolchains/arm-linux-androideabi-4.9/prebuilt/linux-x86_64/bin/arm-linux-androideabi-gcc --sysroot=/home/james/avrdude_android/android-ndk-r13/platforms/android-21/arch-arm --version >&5
arm-linux-androideabi-gcc (GCC) 4.9.x 20150123 (prerelease)
Copyright (C) 2014 Free Software Foundation, Inc.
This is free software; see the source for copying conditions.  There is NO
warranty; not even for MERCHANTABILITY or FITNESS FOR A PARTICULAR PURPOSE.

configure:3212: $? = 0
configure:3201: /home/james/avrdude_android/android-ndk-r13/toolchains/arm-linux-androideabi-4.9/prebuilt/linux-x86_64/bin/arm-linux-androideabi-gcc --sysroot=/home/james/avrdude_android/android-ndk-r13/platforms/android-21/arch-arm -v >&5
Using built-in specs.
COLLECT_GCC=/home/james/avrdude_android/android-ndk-r13/toolchains/arm-linux-androideabi-4.9/prebuilt/linux-x86_64/bin/arm-linux-androideabi-gcc
COLLECT_LTO_WRAPPER=/home/james/avrdude_android/android-ndk-r13/toolchains/arm-linux-androideabi-4.9/prebuilt/linux-x86_64/bin/../libexec/gcc/arm-linux-androideabi/4.9.x/lto-wrapper
Target: arm-linux-androideabi
Configured with: /usr/local/google/buildbot/src/android/gcc/toolchain/build/../gcc/gcc-4.9/configure --prefix=/tmp/59719db9ae19ff43aef46bbcb79596b6 --target=arm-linux-androideabi --host=x86_64-linux-gnu --build=x86_64-linux-gnu --with-gnu-as --with-gnu-ld --enable-languages=c,c++ --with-gmp=/buildbot/tmp/build/toolchain/temp-install --with-mpfr=/buildbot/tmp/build/toolchain/temp-install --with-mpc=/buildbot/tmp/build/toolchain/temp-install --with-cloog=/buildbot/tmp/build/toolchain/temp-install --with-isl=/buildbot/tmp/build/toolchain/temp-install --with-ppl=/buildbot/tmp/build/toolchain/temp-install --disable-ppl-version-check --disable-cloog-version-check --disable-isl-version-check --enable-cloog-backend=isl --with-host-libstdcxx='-static-libgcc -Wl,-Bstatic,-lstdc++,-Bdynamic -lm' --disable-libssp --enable-threads --disable-nls --disable-libmudflap --disable-libgomp --disable-libstdc__-v3 --disable-sjlj-exceptions --disable-shared --disable-tls --disable-libitm --with-float=soft --with-fpu=vfp --with-arch=armv5te --enable-target-optspace --enable-bionic-libs --enable-libatomic-ifuncs=no --enable-initfini-array --disable-nls --prefix=/tmp/59719db9ae19ff43aef46bbcb79596b6 --with-sysroot=/tmp/59719db9ae19ff43aef46bbcb79596b6/sysroot --with-binutils-version=2.25 --with-mpfr-version=3.1.1 --with-mpc-version=1.0.1 --with-gmp-version=5.0.5 --with-gcc-version=4.9 --with-gdb-version=none --with-gxx-include-dir=/tmp/59719db9ae19ff43aef46bbcb79596b6/include/c++/4.9.x --with-bugurl=http://source.android.com/source/report-bugs.html --enable-languages=c,c++ --disable-bootstrap --enable-plugins --enable-libgomp --enable-gnu-indirect-function --disable-libsanitizer --enable-gold --enable-threads --enable-eh-frame-hdr-for-static --enable-graphite=yes --with-isl-version=0.11.1 --with-cloog-version=0.18.0 --with-arch=armv5te --program-transform-name='s&^&arm-linux-androideabi-&' --enable-gold=default
Thread model: posix
gcc version 4.9.x 20150123 (prerelease) (GCC) 
configure:3212: $? = 0
configure:3201: /home/james/avrdude_android/android-ndk-r13/toolchains/arm-linux-androideabi-4.9/prebuilt/linux-x86_64/bin/arm-linux-androideabi-gcc --sysroot=/home/james/avrdude_android/android-ndk-r13/platforms/android-21/arch-arm -V >&5
arm-linux-androideabi-gcc: error: unrecognized command line option '-V'
arm-linux-androideabi-gcc: fatal error: no input files
compilation terminated.
configure:3212: $? = 1
configure:3201: /home/james/avrdude_android/android-ndk-r13/toolchains/arm-linux-androideabi-4.9/prebuilt/linux-x86_64/bin/arm-linux-androideabi-gcc --sysroot=/home/james/avrdude_android/android-ndk-r13/platforms/android-21/arch-arm -qversion >&5
arm-linux-androideabi-gcc: error: unrecognized command line option '-qversion'
arm-linux-androideabi-gcc: fatal error: no input files
compilation terminated.
configure:3212: $? = 1
configure:3232: checking whether the C compiler works
configure:3254: /home/james/avrdude_android/android-ndk-r13/toolchains/arm-linux-androideabi-4.9/prebuilt/linux-x86_64/bin/arm-linux-androideabi-gcc --sysroot=/home/james/avrdude_android/android-ndk-r13/platforms/android-21/arch-arm  --sysroot=/home/james/avrdude_android/android-ndk-r13/platforms/android-21/arch-arm -I/home/james/avrdude_android/android-ndk-r13/platforms/android-21/arch-arm/usr/include -I/include -I/home/james/avrdude_android/android-builds/include -pthread -fPIE  --sysroot=/home/james/avrdude_android/android-ndk-r13/platforms/android-21/arch-arm -I/home/james/avrdude_android/android-ndk-r13/platforms/android-21/arch-arm/usr/include -I/include -I/home/james/avrdude_android/android-builds/include -pthread -fPIE  -L/home/james/avrdude_android/android-ndk-r13/platforms/android-21/arch-arm/usr/lib  -L/home/james/avrdude_android/android-builds/lib -L/lib -lpthread -pie conftest.c  >&5
/home/james/avrdude_android/android-ndk-r13/toolchains/arm-linux-androideabi-4.9/prebuilt/linux-x86_64/bin/../lib/gcc/arm-linux-androideabi/4.9.x/../../../../arm-linux-androideabi/bin/ld: warning: skipping incompatible /lib/libpthread.so while searching for pthread
/home/james/avrdude_android/android-ndk-r13/toolchains/arm-linux-androideabi-4.9/prebuilt/linux-x86_64/bin/../lib/gcc/arm-linux-androideabi/4.9.x/../../../../arm-linux-androideabi/bin/ld: error: cannot find -lpthread
collect2: error: ld returned 1 exit status
configure:3258: $? = 1
configure:3296: result: no
configure: failed program was:
| /* confdefs.h */
| #define PACKAGE_NAME "libftdi"
| #define PACKAGE_TARNAME "libftdi"
| #define PACKAGE_VERSION "0.20"
| #define PACKAGE_STRING "libftdi 0.20"
| #define PACKAGE_BUGREPORT ""
| #define PACKAGE_URL ""
| #define PACKAGE "libftdi"
| #define VERSION "0.20"
| /* end confdefs.h.  */
| 
| int
| main ()
| {
| 
|   ;
|   return 0;
| }
configure:3301: error: in `/home/james/avrdude_android/libftdi-0.20':
configure:3303: error: C compiler cannot create executables
See `config.log' for more details

## ---------------- ##
## Cache variables. ##
## ---------------- ##

ac_cv_env_CCC_set=
ac_cv_env_CCC_value=
ac_cv_env_CC_set=set
ac_cv_env_CC_value='/home/james/avrdude_android/android-ndk-r13/toolchains/arm-linux-androideabi-4.9/prebuilt/linux-x86_64/bin/arm-linux-androideabi-gcc --sysroot=/home/james/avrdude_android/android-ndk-r13/platforms/android-21/arch-arm'
ac_cv_env_CFLAGS_set=set
ac_cv_env_CFLAGS_value=' --sysroot=/home/james/avrdude_android/android-ndk-r13/platforms/android-21/arch-arm -I/home/james/avrdude_android/android-ndk-r13/platforms/android-21/arch-arm/usr/include -I/include -I/home/james/avrdude_android/android-builds/include -pthread -fPIE'
ac_cv_env_CPPFLAGS_set=set
ac_cv_env_CPPFLAGS_value=' --sysroot=/home/james/avrdude_android/android-ndk-r13/platforms/android-21/arch-arm -I/home/james/avrdude_android/android-ndk-r13/platforms/android-21/arch-arm/usr/include -I/include -I/home/james/avrdude_android/android-builds/include -pthread -fPIE'
ac_cv_env_CPP_set=set
ac_cv_env_CPP_value='/home/james/avrdude_android/android-ndk-r13/toolchains/arm-linux-androideabi-4.9/prebuilt/linux-x86_64/bin/arm-linux-androideabi-cpp --sysroot=/home/james/avrdude_android/android-ndk-r13/platforms/android-21/arch-arm'
ac_cv_env_CXXCPP_set=
ac_cv_env_CXXCPP_value=
ac_cv_env_CXXFLAGS_set=
ac_cv_env_CXXFLAGS_value=
ac_cv_env_CXX_set=set
ac_cv_env_CXX_value='/home/james/avrdude_android/android-ndk-r13/toolchains/arm-linux-androideabi-4.9/prebuilt/linux-x86_64/bin/arm-linux-androideabi-g++ --sysroot=/home/james/avrdude_android/android-ndk-r13/platforms/android-21/arch-arm'
ac_cv_env_LDFLAGS_set=set
ac_cv_env_LDFLAGS_value=' -L/home/james/avrdude_android/android-ndk-r13/platforms/android-21/arch-arm/usr/lib  -L/home/james/avrdude_android/android-builds/lib -L/lib -lpthread -pie'
ac_cv_env_LIBS_set=
ac_cv_env_LIBS_value=
ac_cv_env_build_alias_set=
ac_cv_env_build_alias_value=
ac_cv_env_host_alias_set=set
ac_cv_env_host_alias_value=arm-linux-androideabi
ac_cv_env_target_alias_set=
ac_cv_env_target_alias_value=
ac_cv_path_install='/usr/bin/install -c'
ac_cv_path_mkdir=/usr/bin/mkdir
ac_cv_prog_AWK=gawk
ac_cv_prog_CC='/home/james/avrdude_android/android-ndk-r13/toolchains/arm-linux-androideabi-4.9/prebuilt/linux-x86_64/bin/arm-linux-androideabi-gcc --sysroot=/home/james/avrdude_android/android-ndk-r13/platforms/android-21/arch-arm'
ac_cv_prog_ac_ct_STRIP=strip
ac_cv_prog_make_make_set=yes

## ----------------- ##
## Output variables. ##
## ----------------- ##

ACLOCAL='${SHELL} /home/james/avrdude_android/libftdi-0.20/missing --run aclocal-1.11'
AMDEPBACKSLASH=''
AMDEP_FALSE=''
AMDEP_TRUE=''
AMTAR='${SHELL} /home/james/avrdude_android/libftdi-0.20/missing --run tar'
AR='/home/james/avrdude_android/android-ndk-r13/toolchains/arm-linux-androideabi-4.9/prebuilt/linux-x86_64/bin/arm-linux-androideabi-ar'
AUTOCONF='${SHELL} /home/james/avrdude_android/libftdi-0.20/missing --run autoconf'
AUTOHEADER='${SHELL} /home/james/avrdude_android/libftdi-0.20/missing --run autoheader'
AUTOMAKE='${SHELL} /home/james/avrdude_android/libftdi-0.20/missing --run automake-1.11'
AWK='gawk'
BOOST_CPPFLAGS=''
BOOST_LDFLAGS=''
BUILD_EXAMPLES_FALSE=''
BUILD_EXAMPLES_TRUE=''
CC='/home/james/avrdude_android/android-ndk-r13/toolchains/arm-linux-androideabi-4.9/prebuilt/linux-x86_64/bin/arm-linux-androideabi-gcc --sysroot=/home/james/avrdude_android/android-ndk-r13/platforms/android-21/arch-arm'
CCDEPMODE=''
CFLAGS=' --sysroot=/home/james/avrdude_android/android-ndk-r13/platforms/android-21/arch-arm -I/home/james/avrdude_android/android-ndk-r13/platforms/android-21/arch-arm/usr/include -I/include -I/home/james/avrdude_android/android-builds/include -pthread -fPIE'
CPP='/home/james/avrdude_android/android-ndk-r13/toolchains/arm-linux-androideabi-4.9/prebuilt/linux-x86_64/bin/arm-linux-androideabi-cpp --sysroot=/home/james/avrdude_android/android-ndk-r13/platforms/android-21/arch-arm'
CPPFLAGS=' --sysroot=/home/james/avrdude_android/android-ndk-r13/platforms/android-21/arch-arm -I/home/james/avrdude_android/android-ndk-r13/platforms/android-21/arch-arm/usr/include -I/include -I/home/james/avrdude_android/android-builds/include -pthread -fPIE'
CXX='/home/james/avrdude_android/android-ndk-r13/toolchains/arm-linux-androideabi-4.9/prebuilt/linux-x86_64/bin/arm-linux-androideabi-g++ --sysroot=/home/james/avrdude_android/android-ndk-r13/platforms/android-21/arch-arm'
CXXCPP=''
CXXDEPMODE=''
CXXFLAGS=''
CYGPATH_W='echo'
DEFS=''
DEPDIR=''
DLLTOOL=''
DOXYGEN=''
DSYMUTIL=''
DUMPBIN=''
ECHO_C=''
ECHO_N='-n'
ECHO_T=''
EGREP=''
ENABLE_ASYNC_MODE=''
ENABLE_PYTHON_BINDING_FALSE=''
ENABLE_PYTHON_BINDING_TRUE=''
EXEEXT=''
FGREP=''
GREP=''
HAVELIBUSB=''
HAVE_DOXYGEN_FALSE=''
HAVE_DOXYGEN_TRUE=''
HAVE_LIBFTDIPP_FALSE=''
HAVE_LIBFTDIPP_TRUE=''
HAVE_PYTHON_FALSE=''
HAVE_PYTHON_TRUE=''
HAVE_SWIG_FALSE=''
HAVE_SWIG_TRUE=''
INSTALL_DATA='${INSTALL} -m 644'
INSTALL_PROGRAM='${INSTALL}'
INSTALL_SCRIPT='${INSTALL}'
INSTALL_STRIP_PROGRAM='$(install_sh) -c -s'
LD='/home/james/avrdude_android/android-ndk-r13/toolchains/arm-linux-androideabi-4.9/prebuilt/linux-x86_64/bin/arm-linux-androideabi-ld --sysroot=/home/james/avrdude_android/android-ndk-r13/platforms/android-21/arch-arm'
LDFLAGS=' -L/home/james/avrdude_android/android-ndk-r13/platforms/android-21/arch-arm/usr/lib  -L/home/james/avrdude_android/android-builds/lib -L/lib -lpthread -pie'
LIBFTDI_MODULES=''
LIBFTDI_MODULES_PKGCONFIG=''
LIBOBJS=''
LIBS=''
LIBTOOL=''
LIPO=''
LN_S=''
LTLIBOBJS=''
MAKEINFO='${SHELL} /home/james/avrdude_android/libftdi-0.20/missing --run makeinfo'
MANIFEST_TOOL=''
MKDIR_P='/usr/bin/mkdir -p'
NM='/home/james/avrdude_android/android-ndk-r13/toolchains/arm-linux-androideabi-4.9/prebuilt/linux-x86_64/bin/arm-linux-androideabi-nm'
NMEDIT=''
OBJDUMP=''
OBJEXT=''
OTOOL64=''
OTOOL=''
PACKAGE='libftdi'
PACKAGE_BUGREPORT=''
PACKAGE_NAME='libftdi'
PACKAGE_STRING='libftdi 0.20'
PACKAGE_TARNAME='libftdi'
PACKAGE_URL=''
PACKAGE_VERSION='0.20'
PATH_SEPARATOR=':'
PYTHON=''
PYTHON_EXEC_PREFIX=''
PYTHON_PLATFORM=''
PYTHON_PREFIX=''
PYTHON_VERSION=''
RANLIB='/home/james/avrdude_android/android-ndk-r13/toolchains/arm-linux-androideabi-4.9/prebuilt/linux-x86_64/bin/arm-linux-androideabi-ranlib'
SED=''
SET_MAKE=''
SHELL='/bin/sh'
STRIP='strip'
SWIG=''
VERSION='0.20'
ac_ct_AR=''
ac_ct_CC=''
ac_ct_CXX=''
ac_ct_DUMPBIN=''
am__EXEEXT_FALSE=''
am__EXEEXT_TRUE=''
am__fastdepCC_FALSE=''
am__fastdepCC_TRUE=''
am__fastdepCXX_FALSE=''
am__fastdepCXX_TRUE=''
am__include=''
am__isrc=''
am__leading_dot='.'
am__quote=''
am__tar='${AMTAR} chof - "$$tardir"'
am__untar='${AMTAR} xf -'
bindir='${exec_prefix}/bin'
build=''
build_alias=''
build_cpu=''
build_os=''
build_vendor=''
datadir='${datarootdir}'
datarootdir='${prefix}/share'
docdir='${datarootdir}/doc/${PACKAGE_TARNAME}'
dvidir='${docdir}'
exec_prefix='NONE'
host='arm-linux-androideabi'
host_alias='arm-linux-androideabi'
host_cpu=''
host_os=''
host_vendor=''
htmldir='${docdir}'
includedir='${prefix}/include'
infodir='${datarootdir}/info'
install_sh='${SHELL} /home/james/avrdude_android/libftdi-0.20/install-sh'
libdir='${exec_prefix}/lib'
libexecdir='${exec_prefix}/libexec'
localedir='${datarootdir}/locale'
localstatedir='${prefix}/var'
mandir='${datarootdir}/man'
mkdir_p='/usr/bin/mkdir -p'
oldincludedir='/usr/include'
pdfdir='${docdir}'
pkgpyexecdir=''
pkgpythondir=''
prefix='/home/james/avrdude_android/android-builds'
program_transform_name='s,x,x,'
psdir='${docdir}'
pyexecdir=''
pythondir=''
sbindir='${exec_prefix}/sbin'
sharedstatedir='${prefix}/com'
sysconfdir='${prefix}/etc'
target_alias=''

## ----------- ##
## confdefs.h. ##
## ----------- ##

/* confdefs.h */
#define PACKAGE_NAME "libftdi"
#define PACKAGE_TARNAME "libftdi"
#define PACKAGE_VERSION "0.20"
#define PACKAGE_STRING "libftdi 0.20"
#define PACKAGE_BUGREPORT ""
#define PACKAGE_URL ""
#define PACKAGE "libftdi"
#define VERSION "0.20"

configure: exit 77
